Build started 15-8-2016 15:35:37.
     1>Project "B:\git\basic_browser_engine\project_euler_59_cpp\project_euler_59_cpp\project_euler_59_cpp.vcxproj" on node 2 (Build target(s)).
     1>ClCompile:
         B:\visual studio\VC\bin\CL.exe /c /ZI /nologo /W3 /WX- /Od /Oy- /D WIN32 /D _DEBUG /D _CONSOLE /D _UNICODE /D UNICODE /Gm /EHsc /RTC1 /MDd /GS /fp:precise /Zc:wchar_t /Zc:forScope /Zc:inline /Fo"Debug\\" /Fd"Debug\vc140.pdb" /Gd /TP /analyze- /errorReport:prompt project_euler_59_cpp.cpp
         project_euler_59_cpp.cpp
     1>b:\git\basic_browser_engine\project_euler_59_cpp\project_euler_59_cpp\project_euler_59_cpp.cpp(11): error C2065: 'HashListElement': undeclared identifier
     1>b:\git\basic_browser_engine\project_euler_59_cpp\project_euler_59_cpp\project_euler_59_cpp.cpp(11): error C2065: 'hashlist': undeclared identifier
     1>b:\git\basic_browser_engine\project_euler_59_cpp\project_euler_59_cpp\project_euler_59_cpp.cpp(15): error C2065: 'hashlist': undeclared identifier
     1>b:\git\basic_browser_engine\project_euler_59_cpp\project_euler_59_cpp\project_euler_59_cpp.cpp(15): error C2227: left of '->value' must point to class/struct/union/generic type
         b:\git\basic_browser_engine\project_euler_59_cpp\project_euler_59_cpp\project_euler_59_cpp.cpp(15): note: type is 'unknown-type'
     1>b:\git\basic_browser_engine\project_euler_59_cpp\project_euler_59_cpp\project_euler_59_cpp.cpp(16): error C2065: 'hashlist': undeclared identifier
     1>b:\git\basic_browser_engine\project_euler_59_cpp\project_euler_59_cpp\project_euler_59_cpp.cpp(16): error C2061: syntax error: identifier 'HashListElement'
     1>b:\git\basic_browser_engine\project_euler_59_cpp\project_euler_59_cpp\project_euler_59_cpp.cpp(17): error C2065: 'hashlist': undeclared identifier
     1>b:\git\basic_browser_engine\project_euler_59_cpp\project_euler_59_cpp\project_euler_59_cpp.cpp(19): error C2065: 'hashlist': undeclared identifier
     1>Done Building Project "B:\git\basic_browser_engine\project_euler_59_cpp\project_euler_59_cpp\project_euler_59_cpp.vcxproj" (Build target(s)) -- FAILED.

Build FAILED.

Time Elapsed 00:00:00.79
